Processing nodemcuv2 (platform: espressif8266@4.2.0; board: nodemcuv2; framework: arduino)
--------------------------------------------------------------------------------
Tool Manager: Installing platformio/tool-esptoolpy @ ~1.30000.0
Unpacking 0% 10% 20% 30% 40% 50% 60% 70% 80% 90% 100%
Tool Manager: tool-esptoolpy@1.30000.201119 has been installed!
Verbose mode can be enabled via `-v, --verbose` option
CONFIGURATION: https://docs.platformio.org/page/boards/espressif8266/nodemcuv2.html
PLATFORM: Espressif 8266 (4.2.0) > NodeMCU 1.0 (ESP-12E Module)
HARDWARE: ESP8266 80MHz, 80KB RAM, 4MB Flash
PACKAGES: 
 - framework-arduinoespressif8266 @ 3.30102.0 (3.1.2) 
 - tool-esptool @ 1.413.0 (4.13) 
 - tool-esptoolpy @ 1.30000.201119 (3.0.0) 
 - toolchain-xtensa @ 2.100300.220621 (10.3.0)
Converting H4P_BLEClientInteracting.ino
LDF: Library Dependency Finder -> https://bit.ly/configure-pio-ldf
LDF Modes: Finder ~ deep+, Compatibility ~ soft
Found 45 compatible libraries
Scanning dependencies...
Dependency Graph
|-- H4 @ 4.0.9+sha.6f2f510
|-- H4Tools @ 0.0.16+sha.47ce091
|-- H4AsyncTCP @ 0.0.25+sha.231be9d
|-- H4AsyncMQTT @ 1.0.0-rc12+sha.9d2b784
|-- ArmadilloHTTP @ 0.1.9+sha.ac5bf86
|-- H4AsyncWebServer @ 0.0.13+sha.fcbce26
|-- H4Plugins @ 3.5.7+sha.0ad6c2a
|-- ESPAsyncUDP @ 0.0.0-alpha+sha.697c75a025
|-- LittleFS @ 0.1.0
|-- ESP8266WiFi @ 1.0
|-- ESP8266mDNS @ 1.2
|-- DNSServer @ 1.1.1
|-- ArduinoOTA @ 1.0
|-- ESP8266httpUpdate @ 1.3
|-- ESP8266HTTPClient @ 1.2
Building in release mode
Compiling .pio/build/nodemcuv2/src/H4P_BLEClientInteracting.ino.cpp.o
In file included from /home/runner/work/h4plugins/h4plugins/build/nodemcuv2/src/H4P_BLEClientInteracting.ino:2:
.pio/libdeps/nodemcuv2/H4Plugins/src/H4Plugins.h:6:76: note: '#pragma message: Using Wifi AP - Make sure you have made arrangements!'
    6 |     #pragma message("Using Wifi AP - Make sure you have made arrangements!")
      |                                                                            ^
/home/runner/work/h4plugins/h4plugins/build/nodemcuv2/src/H4P_BLEClientInteracting.ino:5:1: error: 'H4P_BLEClient' does not name a type
    5 | H4P_BLEClient h4bleclient;
      | ^~~~~~~~~~~~~
/home/runner/work/h4plugins/h4plugins/build/nodemcuv2/src/H4P_BLEClientInteracting.ino:16:1: error: 'BLERemoteCharacteristic' does not name a type
   16 | BLERemoteCharacteristic* cmdCharacteristic = nullptr;
      | ^~~~~~~~~~~~~~~~~~~~~~~
/home/runner/work/h4plugins/h4plugins/build/nodemcuv2/src/H4P_BLEClientInteracting.ino:17:1: error: 'BLERemoteCharacteristic' does not name a type
   17 | BLERemoteCharacteristic* replyCharacteristic = nullptr;
      | ^~~~~~~~~~~~~~~~~~~~~~~
/home/runner/work/h4plugins/h4plugins/build/nodemcuv2/src/H4P_BLEClientInteracting.ino:19:6: error: variable or field 'onNotify' declared void
   19 | void onNotify(BLERemoteCharacteristic *pBLERemoteCharacteristic, uint8_t *pData, size_t length, bool isNotify) {
      |      ^~~~~~~~
/home/runner/work/h4plugins/h4plugins/build/nodemcuv2/src/H4P_BLEClientInteracting.ino:19:15: error: 'BLERemoteCharacteristic' was not declared in this scope
   19 | void onNotify(BLERemoteCharacteristic *pBLERemoteCharacteristic, uint8_t *pData, size_t length, bool isNotify) {
      |               ^~~~~~~~~~~~~~~~~~~~~~~
/home/runner/work/h4plugins/h4plugins/build/nodemcuv2/src/H4P_BLEClientInteracting.ino:19:40: error: 'pBLERemoteCharacteristic' was not declared in this scope
   19 | void onNotify(BLERemoteCharacteristic *pBLERemoteCharacteristic, uint8_t *pData, size_t length, bool isNotify) {
      |                                        ^~~~~~~~~~~~~~~~~~~~~~~~
/home/runner/work/h4plugins/h4plugins/build/nodemcuv2/src/H4P_BLEClientInteracting.ino:19:74: error: expected primary-expression before '*' token
   19 | void onNotify(BLERemoteCharacteristic *pBLERemoteCharacteristic, uint8_t *pData, size_t length, bool isNotify) {
      |                                                                          ^
/home/runner/work/h4plugins/h4plugins/build/nodemcuv2/src/H4P_BLEClientInteracting.ino:19:75: error: 'pData' was not declared in this scope; did you mean 'TCPData'?
   19 | void onNotify(BLERemoteCharacteristic *pBLERemoteCharacteristic, uint8_t *pData, size_t length, bool isNotify) {
      |                                                                           ^~~~~
      |                                                                           TCPData
/home/runner/work/h4plugins/h4plugins/build/nodemcuv2/src/H4P_BLEClientInteracting.ino:19:89: error: expected primary-expression before 'length'
   19 | void onNotify(BLERemoteCharacteristic *pBLERemoteCharacteristic, uint8_t *pData, size_t length, bool isNotify) {
      |                                                                                         ^~~~~~
/home/runner/work/h4plugins/h4plugins/build/nodemcuv2/src/H4P_BLEClientInteracting.ino:19:97: error: expected primary-expression before 'bool'
   19 | void onNotify(BLERemoteCharacteristic *pBLERemoteCharacteristic, uint8_t *pData, size_t length, bool isNotify) {
      |                                                                                                 ^~~~
/home/runner/work/h4plugins/h4plugins/build/nodemcuv2/src/H4P_BLEClientInteracting.ino:19:6: error: variable or field 'onNotify' declared void
   19 | void onNotify(BLERemoteCharacteristic *pBLERemoteCharacteristic, uint8_t *pData, size_t length, bool isNotify) {
      |      ^~~~~~~~
/home/runner/work/h4plugins/h4plugins/build/nodemcuv2/src/H4P_BLEClientInteracting.ino:19:15: error: 'BLERemoteCharacteristic' was not declared in this scope
   19 | void onNotify(BLERemoteCharacteristic *pBLERemoteCharacteristic, uint8_t *pData, size_t length, bool isNotify) {
      |               ^~~~~~~~~~~~~~~~~~~~~~~
/home/runner/work/h4plugins/h4plugins/build/nodemcuv2/src/H4P_BLEClientInteracting.ino:19:40: error: 'pBLERemoteCharacteristic' was not declared in this scope
   19 | void onNotify(BLERemoteCharacteristic *pBLERemoteCharacteristic, uint8_t *pData, size_t length, bool isNotify) {
      |                                        ^~~~~~~~~~~~~~~~~~~~~~~~
/home/runner/work/h4plugins/h4plugins/build/nodemcuv2/src/H4P_BLEClientInteracting.ino:19:74: error: expected primary-expression before '*' token
   19 | void onNotify(BLERemoteCharacteristic *pBLERemoteCharacteristic, uint8_t *pData, size_t length, bool isNotify) {
      |                                                                          ^
/home/runner/work/h4plugins/h4plugins/build/nodemcuv2/src/H4P_BLEClientInteracting.ino:19:75: error: 'pData' was not declared in this scope; did you mean 'TCPData'?
   19 | void onNotify(BLERemoteCharacteristic *pBLERemoteCharacteristic, uint8_t *pData, size_t length, bool isNotify) {
      |                                                                           ^~~~~
      |                                                                           TCPData
/home/runner/work/h4plugins/h4plugins/build/nodemcuv2/src/H4P_BLEClientInteracting.ino:19:89: error: expected primary-expression before 'length'
   19 | void onNotify(BLERemoteCharacteristic *pBLERemoteCharacteristic, uint8_t *pData, size_t length, bool isNotify) {
      |                                                                                         ^~~~~~
/home/runner/work/h4plugins/h4plugins/build/nodemcuv2/src/H4P_BLEClientInteracting.ino:19:97: error: expected primary-expression before 'bool'
   19 | void onNotify(BLERemoteCharacteristic *pBLERemoteCharacteristic, uint8_t *pData, size_t length, bool isNotify) {
      |                                                                                                 ^~~~
/home/runner/work/h4plugins/h4plugins/build/nodemcuv2/src/H4P_BLEClientInteracting.ino: In function 'void onConnect()':
/home/runner/work/h4plugins/h4plugins/build/nodemcuv2/src/H4P_BLEClientInteracting.ino:25:2: error: 'cmdCharacteristic' was not declared in this scope
   25 |  cmdCharacteristic = h4bleclient.getRemoteCharacteristic(BLEUUID("9652c3ca-1231-4607-9d40-6afd67609443"), BLEUUID("3c1eb836-4223-4f3e-9c9d-10c5dae1d9b1"));
      |  ^~~~~~~~~~~~~~~~~
/home/runner/work/h4plugins/h4plugins/build/nodemcuv2/src/H4P_BLEClientInteracting.ino:25:22: error: 'h4bleclient' was not declared in this scope
   25 |  cmdCharacteristic = h4bleclient.getRemoteCharacteristic(BLEUUID("9652c3ca-1231-4607-9d40-6afd67609443"), BLEUUID("3c1eb836-4223-4f3e-9c9d-10c5dae1d9b1"));
      |                      ^~~~~~~~~~~
/home/runner/work/h4plugins/h4plugins/build/nodemcuv2/src/H4P_BLEClientInteracting.ino:25:58: error: 'BLEUUID' was not declared in this scope
   25 |  cmdCharacteristic = h4bleclient.getRemoteCharacteristic(BLEUUID("9652c3ca-1231-4607-9d40-6afd67609443"), BLEUUID("3c1eb836-4223-4f3e-9c9d-10c5dae1d9b1"));
      |                                                          ^~~~~~~
/home/runner/work/h4plugins/h4plugins/build/nodemcuv2/src/H4P_BLEClientInteracting.ino:26:2: error: 'replyCharacteristic' was not declared in this scope
   26 |  replyCharacteristic = h4bleclient.getRemoteCharacteristic(BLEUUID("9652c3ca-1231-4607-9d40-6afd67609443"), BLEUUID("5f1c2e8d-f531-488e-8198-0132ec230a6f"));
      |  ^~~~~~~~~~~~~~~~~~~
/home/runner/work/h4plugins/h4plugins/build/nodemcuv2/src/H4P_BLEClientInteracting.ino: In lambda function:
/home/runner/work/h4plugins/h4plugins/build/nodemcuv2/src/H4P_BLEClientInteracting.ino:36:6: error: 'cmdCharacteristic' is not captured
   36 |   if(cmdCharacteristic->canWrite()){
      |      ^~~~~~~~~~~~~~~~~
/home/runner/work/h4plugins/h4plugins/build/nodemcuv2/src/H4P_BLEClientInteracting.ino:34:30: note: the lambda has no capture-default
   34 |  requestor = h4.every(5000, []{
      |                              ^
/home/runner/work/h4plugins/h4plugins/build/nodemcuv2/src/H4P_BLEClientInteracting.ino:25:2: note: '<typeprefixerror>cmdCharacteristic' declared here
   25 |  cmdCharacteristic = h4bleclient.getRemoteCharacteristic(BLEUUID("9652c3ca-1231-4607-9d40-6afd67609443"), BLEUUID("3c1eb836-4223-4f3e-9c9d-10c5dae1d9b1"));
      |  ^~~~~~~~~~~~~~~~~
/home/runner/work/h4plugins/h4plugins/build/nodemcuv2/src/H4P_BLEClientInteracting.ino:38:4: error: 'cmdCharacteristic' is not captured
   38 |    cmdCharacteristic->writeValue("h4/toggle");
      |    ^~~~~~~~~~~~~~~~~
/home/runner/work/h4plugins/h4plugins/build/nodemcuv2/src/H4P_BLEClientInteracting.ino:34:30: note: the lambda has no capture-default
   34 |  requestor = h4.every(5000, []{
      |                              ^
/home/runner/work/h4plugins/h4plugins/build/nodemcuv2/src/H4P_BLEClientInteracting.ino:25:2: note: '<typeprefixerror>cmdCharacteristic' declared here
   25 |  cmdCharacteristic = h4bleclient.getRemoteCharacteristic(BLEUUID("9652c3ca-1231-4607-9d40-6afd67609443"), BLEUUID("3c1eb836-4223-4f3e-9c9d-10c5dae1d9b1"));
      |  ^~~~~~~~~~~~~~~~~
/home/runner/work/h4plugins/h4plugins/build/nodemcuv2/src/H4P_BLEClientInteracting.ino:39:4: error: 'cmdCharacteristic' is not captured
   39 |    cmdCharacteristic->writeValue("help");
      |    ^~~~~~~~~~~~~~~~~
/home/runner/work/h4plugins/h4plugins/build/nodemcuv2/src/H4P_BLEClientInteracting.ino:34:30: note: the lambda has no capture-default
   34 |  requestor = h4.every(5000, []{
      |                              ^
/home/runner/work/h4plugins/h4plugins/build/nodemcuv2/src/H4P_BLEClientInteracting.ino:25:2: note: '<typeprefixerror>cmdCharacteristic' declared here
   25 |  cmdCharacteristic = h4bleclient.getRemoteCharacteristic(BLEUUID("9652c3ca-1231-4607-9d40-6afd67609443"), BLEUUID("3c1eb836-4223-4f3e-9c9d-10c5dae1d9b1"));
      |  ^~~~~~~~~~~~~~~~~
/home/runner/work/h4plugins/h4plugins/build/nodemcuv2/src/H4P_BLEClientInteracting.ino:41:41: error: 'cmdCharacteristic' is not captured
   41 |    Serial.printf("Can not write! %d
", cmdCharacteristic->canWrite());
      |                                         ^~~~~~~~~~~~~~~~~
/home/runner/work/h4plugins/h4plugins/build/nodemcuv2/src/H4P_BLEClientInteracting.ino:34:30: note: the lambda has no capture-default
   34 |  requestor = h4.every(5000, []{
      |                              ^
/home/runner/work/h4plugins/h4plugins/build/nodemcuv2/src/H4P_BLEClientInteracting.ino:25:2: note: '<typeprefixerror>cmdCharacteristic' declared here
   25 |  cmdCharacteristic = h4bleclient.getRemoteCharacteristic(BLEUUID("9652c3ca-1231-4607-9d40-6afd67609443"), BLEUUID("3c1eb836-4223-4f3e-9c9d-10c5dae1d9b1"));
      |  ^~~~~~~~~~~~~~~~~
/home/runner/work/h4plugins/h4plugins/build/nodemcuv2/src/H4P_BLEClientInteracting.ino: In function 'void h4setup()':
/home/runner/work/h4plugins/h4plugins/build/nodemcuv2/src/H4P_BLEClientInteracting.ino:56:2: error: 'h4bleclient' was not declared in this scope
   56 |  h4bleclient.add({BLEUUID("9652c3ca-1231-4607-9d40-6afd67609443"), true},   // H4_SERVICE_UUID  , mandatory=true
      |  ^~~~~~~~~~~
/home/runner/work/h4plugins/h4plugins/build/nodemcuv2/src/H4P_BLEClientInteracting.ino:56:19: error: 'BLEUUID' was not declared in this scope
   56 |  h4bleclient.add({BLEUUID("9652c3ca-1231-4607-9d40-6afd67609443"), true},   // H4_SERVICE_UUID  , mandatory=true
      |                   ^~~~~~~
/home/runner/work/h4plugins/h4plugins/build/nodemcuv2/src/H4P_BLEClientInteracting.ino:63:7: error: 'onNotify' was not declared in this scope
   63 |       onNotify);
      |       ^~~~~~~~
/home/runner/work/h4plugins/h4plugins/build/nodemcuv2/src/H4P_BLEClientInteracting.ino: In lambda function:
/home/runner/work/h4plugins/h4plugins/build/nodemcuv2/src/H4P_BLEClientInteracting.ino:65:22: error: 'h4bleclient' is not captured
   65 |  h4.queueFunction([]{h4bleclient.start();});
      |                      ^~~~~~~~~~~
/home/runner/work/h4plugins/h4plugins/build/nodemcuv2/src/H4P_BLEClientInteracting.ino:65:20: note: the lambda has no capture-default
   65 |  h4.queueFunction([]{h4bleclient.start();});
      |                    ^
/home/runner/work/h4plugins/h4plugins/build/nodemcuv2/src/H4P_BLEClientInteracting.ino:56:2: note: '<typeprefixerror>h4bleclient' declared here
   56 |  h4bleclient.add({BLEUUID("9652c3ca-1231-4607-9d40-6afd67609443"), true},   // H4_SERVICE_UUID  , mandatory=true
      |  ^~~~~~~~~~~
*** [.pio/build/nodemcuv2/src/H4P_BLEClientInteracting.ino.cpp.o] Error 1
========================== [FAILED] Took 4.42 seconds ==========================
Environment    Status    Duration
-------------  --------  ------------
nodemcuv2      FAILED    00:00:04.418
==================== 1 failed, 0 succeeded in 00:00:04.418 ====================